{"level":"info","message":"hello from aquisitions!","service":"acquisitions-api"}
{"level":"info","message":"::1 - - [01/Nov/2025:16:12:03 +0000] \"GET / HTTP/1.1\" 200 24 \"-\" \"Mozilla/5.0 (Windows NT 10.0; Win64; x64) AppleWebKit/537.36 (KHTML, like Gecko) Chrome/141.0.0.0 Safari/537.36\"","service":"acquisitions-api"}
{"level":"info","message":"::1 - - [01/Nov/2025:16:12:03 +0000] \"GET /favicon.ico HTTP/1.1\" 404 150 \"-\" \"Mozilla/5.0 (Windows NT 10.0; Win64; x64) AppleWebKit/537.36 (KHTML, like Gecko) Chrome/141.0.0.0 Safari/537.36\"","service":"acquisitions-api"}
{"level":"info","message":"hello from aquisitions!","service":"acquisitions-api"}
{"level":"info","message":"::1 - - [01/Nov/2025:17:29:19 +0000] \"GET / HTTP/1.1\" 200 24 \"-\" \"PostmanRuntime/7.49.1\"","service":"acquisitions-api"}
{"level":"info","message":"::1 - - [01/Nov/2025:17:31:21 +0000] \"GET /api HTTP/1.1\" 200 41 \"-\" \"PostmanRuntime/7.49.1\"","service":"acquisitions-api"}
{"level":"info","message":"::1 - - [01/Nov/2025:17:31:29 +0000] \"GET /health HTTP/1.1\" 200 75 \"-\" \"PostmanRuntime/7.49.1\"","service":"acquisitions-api"}
{"level":"info","message":"::1 - - [04/Nov/2025:17:44:28 +0000] \"GET /api/auth/sign-up HTTP/1.1\" 404 155 \"-\" \"PostmanRuntime/7.49.1\"","service":"acquisitions-api"}
{"level":"error","message":"signup error Cannot destructure property 'name' of 'validationResult.data' as it is undefined.","service":"acquisitions-api","stack":"TypeError: Cannot destructure property 'name' of 'validationResult.data' as it is undefined.\n    at signup (file:///C:/Users/91944/WebstormProjects/acquisitions/src/controllers/auth.controller.js:15:15)\n    at Layer.handleRequest (C:\\Users\\91944\\WebstormProjects\\acquisitions\\node_modules\\router\\lib\\layer.js:152:17)\n    at next (C:\\Users\\91944\\WebstormProjects\\acquisitions\\node_modules\\router\\lib\\route.js:157:13)\n    at Route.dispatch (C:\\Users\\91944\\WebstormProjects\\acquisitions\\node_modules\\router\\lib\\route.js:117:3)\n    at handle (C:\\Users\\91944\\WebstormProjects\\acquisitions\\node_modules\\router\\index.js:435:11)\n    at Layer.handleRequest (C:\\Users\\91944\\WebstormProjects\\acquisitions\\node_modules\\router\\lib\\layer.js:152:17)\n    at C:\\Users\\91944\\WebstormProjects\\acquisitions\\node_modules\\router\\index.js:295:15\n    at processParams (C:\\Users\\91944\\WebstormProjects\\acquisitions\\node_modules\\router\\index.js:582:12)\n    at next (C:\\Users\\91944\\WebstormProjects\\acquisitions\\node_modules\\router\\index.js:291:5)\n    at Function.handle (C:\\Users\\91944\\WebstormProjects\\acquisitions\\node_modules\\router\\index.js:186:3)"}
{"level":"info","message":"::1 - - [04/Nov/2025:17:44:49 +0000] \"POST /api/auth/sign-up HTTP/1.1\" 500 1398 \"-\" \"PostmanRuntime/7.49.1\"","service":"acquisitions-api"}
{"level":"info","message":"::1 - - [04/Nov/2025:17:51:21 +0000] \"POST /api/auth/sign-up HTTP/1.1\" 400 92 \"-\" \"PostmanRuntime/7.49.1\"","service":"acquisitions-api"}
{"level":"info","message":"user registered successfully:anantha@example.com","service":"acquisitions-api"}
{"level":"info","message":"hello from aquisitions!","service":"acquisitions-api"}
{"level":"info","message":"::1 - - [04/Nov/2025:17:57:13 +0000] \"GET / HTTP/1.1\" 304 - \"-\" \"Mozilla/5.0 (Windows NT 10.0; Win64; x64) AppleWebKit/537.36 (KHTML, like Gecko) Chrome/141.0.0.0 Safari/537.36\"","service":"acquisitions-api"}
{"level":"info","message":"hello from aquisitions!","service":"acquisitions-api"}
{"level":"info","message":"::1 - - [04/Nov/2025:17:57:15 +0000] \"GET / HTTP/1.1\" 304 - \"-\" \"Mozilla/5.0 (Windows NT 10.0; Win64; x64) AppleWebKit/537.36 (KHTML, like Gecko) Chrome/141.0.0.0 Safari/537.36\"","service":"acquisitions-api"}
{"level":"info","message":"hello from aquisitions!","service":"acquisitions-api"}
{"level":"info","message":"::1 - - [04/Nov/2025:17:57:16 +0000] \"GET / HTTP/1.1\" 304 - \"-\" \"Mozilla/5.0 (Windows NT 10.0; Win64; x64) AppleWebKit/537.36 (KHTML, like Gecko) Chrome/141.0.0.0 Safari/537.36\"","service":"acquisitions-api"}
{"level":"info","message":"user registered successfully:anantha@example.com","service":"acquisitions-api"}
{"level":"info","message":"::1 - - [04/Nov/2025:17:57:28 +0000] \"POST /api/auth/sign-up HTTP/1.1\" 201 114 \"-\" \"PostmanRuntime/7.49.1\"","service":"acquisitions-api"}
{"level":"info","message":"hello from aquisitions!","service":"acquisitions-api"}
{"level":"info","message":"::1 - - [05/Nov/2025:10:16:04 +0000] \"GET / HTTP/1.1\" 304 - \"-\" \"Mozilla/5.0 (Windows NT 10.0; Win64; x64) AppleWebKit/537.36 (KHTML, like Gecko) Chrome/141.0.0.0 Safari/537.36\"","service":"acquisitions-api"}
{"level":"info","message":"hello from aquisitions!","service":"acquisitions-api"}
{"level":"info","message":"::1 - - [05/Nov/2025:10:16:06 +0000] \"GET / HTTP/1.1\" 304 - \"-\" \"Mozilla/5.0 (Windows NT 10.0; Win64; x64) AppleWebKit/537.36 (KHTML, like Gecko) Chrome/141.0.0.0 Safari/537.36\"","service":"acquisitions-api"}
{"level":"error","message":"error hashing password:Error: data and salt arguments required","service":"acquisitions-api"}
{"level":"error","message":"error creating the user:Error: error hashing password","service":"acquisitions-api"}
{"level":"error","message":"signup error error hashing password","service":"acquisitions-api","stack":"Error: error hashing password\n    at hashPassword (file:///C:/Users/91944/WebstormProjects/acquisitions/src/services/auth.service.js:14:15)\n    at process.processTicksAndRejections (node:internal/process/task_queues:95:5)\n    at async createUser (file:///C:/Users/91944/WebstormProjects/acquisitions/src/services/auth.service.js:27:28)\n    at async signup (file:///C:/Users/91944/WebstormProjects/acquisitions/src/controllers/auth.controller.js:20:19)"}
{"level":"info","message":"::1 - - [05/Nov/2025:10:19:19 +0000] \"POST /api/auth/sign-up HTTP/1.1\" 500 630 \"-\" \"PostmanRuntime/7.49.1\"","service":"acquisitions-api"}
{"level":"info","message":"user registered successfully:anantha@example1.com","service":"acquisitions-api"}
{"level":"error","message":"signup error Cannot read properties of undefined (reading 'id')","service":"acquisitions-api","stack":"TypeError: Cannot read properties of undefined (reading 'id')\n    at signup (file:///C:/Users/91944/WebstormProjects/acquisitions/src/controllers/auth.controller.js:21:43)\n    at process.processTicksAndRejections (node:internal/process/task_queues:95:5)"}
{"level":"info","message":"::1 - - [05/Nov/2025:10:26:33 +0000] \"POST /api/auth/sign-up HTTP/1.1\" 500 414 \"-\" \"PostmanRuntime/7.49.1\"","service":"acquisitions-api"}
{"level":"error","message":"error creating the user:Error: Failed query: insert into \"users\" (\"id\", \"name\", \"email\", \"password\", \"role\", \"created_at\", \"updated_at\") values (default, $1, $2, $3, $4, default, default) returning \"id\", \"name\", \"email\", \"role\", \"created_at\"\nparams: Anantha Krishna,anantha@example1.com,$2b$10$IY6YD1nmU.iUGQI.kG/wa.Petty/05W394JEXsFmJDdPpVEb/u3fu,user","service":"acquisitions-api"}
{"cause":{"code":"23505","constraint":"users_email_unique","detail":"Key (email)=(anantha@example1.com) already exists.","file":"nbtinsert.c","line":"667","name":"NeonDbError","routine":"_bt_check_unique","schema":"public","severity":"ERROR","table":"users"},"level":"error","message":"signup error Failed query: insert into \"users\" (\"id\", \"name\", \"email\", \"password\", \"role\", \"created_at\", \"updated_at\") values (default, $1, $2, $3, $4, default, default) returning \"id\", \"name\", \"email\", \"role\", \"created_at\"\nparams: Anantha Krishna,anantha@example1.com,$2b$10$IY6YD1nmU.iUGQI.kG/wa.Petty/05W394JEXsFmJDdPpVEb/u3fu,user","params":["Anantha Krishna","anantha@example1.com","$2b$10$IY6YD1nmU.iUGQI.kG/wa.Petty/05W394JEXsFmJDdPpVEb/u3fu","user"],"query":"insert into \"users\" (\"id\", \"name\", \"email\", \"password\", \"role\", \"created_at\", \"updated_at\") values (default, $1, $2, $3, $4, default, default) returning \"id\", \"name\", \"email\", \"role\", \"created_at\"","service":"acquisitions-api","stack":"Error: Failed query: insert into \"users\" (\"id\", \"name\", \"email\", \"password\", \"role\", \"created_at\", \"updated_at\") values (default, $1, $2, $3, $4, default, default) returning \"id\", \"name\", \"email\", \"role\", \"created_at\"\nparams: Anantha Krishna,anantha@example1.com,$2b$10$IY6YD1nmU.iUGQI.kG/wa.Petty/05W394JEXsFmJDdPpVEb/u3fu,user\n    at NeonHttpPreparedQuery.queryWithCache (file:///C:/Users/91944/WebstormProjects/acquisitions/node_modules/drizzle-orm/pg-core/session.js:41:15)\n    at process.processTicksAndRejections (node:internal/process/task_queues:95:5)\n    at async NeonHttpPreparedQuery.execute (file:///C:/Users/91944/WebstormProjects/acquisitions/node_modules/drizzle-orm/neon-http/session.js:45:20)\n    at async createUser (file:///C:/Users/91944/WebstormProjects/acquisitions/src/services/auth.service.js:28:25)\n    at async signup (file:///C:/Users/91944/WebstormProjects/acquisitions/src/controllers/auth.controller.js:20:19)"}
{"level":"info","message":"::1 - - [05/Nov/2025:10:27:27 +0000] \"POST /api/auth/sign-up HTTP/1.1\" 500 1264 \"-\" \"PostmanRuntime/7.49.1\"","service":"acquisitions-api"}
{"level":"error","message":"error creating the user:Error: user already exists","service":"acquisitions-api"}
{"level":"error","message":"signup error user already exists","service":"acquisitions-api","stack":"Error: user already exists\n    at createUser (file:///C:/Users/91944/WebstormProjects/acquisitions/src/services/auth.service.js:24:19)\n    at process.processTicksAndRejections (node:internal/process/task_queues:95:5)\n    at async signup (file:///C:/Users/91944/WebstormProjects/acquisitions/src/controllers/auth.controller.js:20:19)"}
{"level":"info","message":"::1 - - [05/Nov/2025:10:38:30 +0000] \"POST /api/auth/sign-up HTTP/1.1\" 500 498 \"-\" \"PostmanRuntime/7.49.1\"","service":"acquisitions-api"}
{"level":"info","message":"user registered successfully:anantha@example2.com","service":"acquisitions-api"}
{"level":"error","message":"signup error Cannot read properties of undefined (reading 'id')","service":"acquisitions-api","stack":"TypeError: Cannot read properties of undefined (reading 'id')\n    at signup (file:///C:/Users/91944/WebstormProjects/acquisitions/src/controllers/auth.controller.js:21:43)\n    at process.processTicksAndRejections (node:internal/process/task_queues:95:5)"}
{"level":"info","message":"::1 - - [05/Nov/2025:10:39:07 +0000] \"POST /api/auth/sign-up HTTP/1.1\" 500 414 \"-\" \"PostmanRuntime/7.49.1\"","service":"acquisitions-api"}
{"level":"info","message":"user registered successfully:anantha@example2.com","service":"acquisitions-api"}
{"level":"error","message":"signup error Cannot read properties of undefined (reading 'id')","service":"acquisitions-api","stack":"TypeError: Cannot read properties of undefined (reading 'id')\n    at signup (file:///C:/Users/91944/WebstormProjects/acquisitions/src/controllers/auth.controller.js:21:43)\n    at process.processTicksAndRejections (node:internal/process/task_queues:95:5)"}
{"level":"info","message":"::1 - - [05/Nov/2025:10:41:39 +0000] \"POST /api/auth/sign-up HTTP/1.1\" 500 414 \"-\" \"PostmanRuntime/7.49.1\"","service":"acquisitions-api"}
{"level":"error","message":"error creating the user:Error: user already exists","service":"acquisitions-api"}
{"level":"error","message":"signup error user already exists","service":"acquisitions-api","stack":"Error: user already exists\n    at createUser (file:///C:/Users/91944/WebstormProjects/acquisitions/src/services/auth.service.js:24:19)\n    at process.processTicksAndRejections (node:internal/process/task_queues:95:5)\n    at async signup (file:///C:/Users/91944/WebstormProjects/acquisitions/src/controllers/auth.controller.js:20:19)"}
{"level":"info","message":"::1 - - [05/Nov/2025:10:50:33 +0000] \"POST /api/auth/sign-up HTTP/1.1\" 500 498 \"-\" \"PostmanRuntime/7.49.1\"","service":"acquisitions-api"}
{"level":"info","message":"user registered successfully:anantha@example5.com","service":"acquisitions-api"}
{"level":"info","message":"user registered successfully:anantha@example5.com","service":"acquisitions-api"}
{"level":"info","message":"::1 - - [05/Nov/2025:10:51:59 +0000] \"POST /api/auth/sign-up HTTP/1.1\" 201 103 \"-\" \"PostmanRuntime/7.49.1\"","service":"acquisitions-api"}
{"level":"info","message":"user registered successfully:anantha@example7.com","service":"acquisitions-api"}
{"level":"info","message":"user registered successfully:anantha@example7.com","service":"acquisitions-api"}
{"level":"info","message":"::1 - - [05/Nov/2025:10:52:20 +0000] \"POST /api/auth/sign-up HTTP/1.1\" 201 103 \"-\" \"PostmanRuntime/7.49.1\"","service":"acquisitions-api"}
{"level":"info","message":"user registered successfully:john@example.com","service":"acquisitions-api"}
{"level":"info","message":"user registered successfully:john@example.com","service":"acquisitions-api"}
{"level":"info","message":"::1 - - [05/Nov/2025:11:31:17 +0000] \"POST /api/auth/sign-up HTTP/1.1\" 201 104 \"-\" \"PostmanRuntime/7.49.1\"","service":"acquisitions-api"}
{"level":"info","message":"user authenticated successfully:john@example.com","service":"acquisitions-api"}
{"level":"info","message":"user signed in successfully:john@example.com","service":"acquisitions-api"}
{"level":"info","message":"::1 - - [05/Nov/2025:11:31:44 +0000] \"POST /api/auth/sign-in HTTP/1.1\" 200 103 \"-\" \"PostmanRuntime/7.49.1\"","service":"acquisitions-api"}
{"level":"info","message":"user signed out successfully","service":"acquisitions-api"}
{"level":"info","message":"::1 - - [05/Nov/2025:11:32:18 +0000] \"POST /api/auth/sign-out HTTP/1.1\" 200 42 \"-\" \"PostmanRuntime/7.49.1\"","service":"acquisitions-api"}
